<?xml version="1.0" encoding="utf-8"?><testsuites><testsuite name="pytest" errors="0" failures="0" skipped="0" tests="51" time="0.150" timestamp="2025-07-04T16:32:09.961263" hostname="Wei-TingdeMacBook-Air.local"><testcase classname="tests.test_chess_engine.TestChessEngine" name="test_setup_empty_board" time="0.001" /><testcase classname="tests.test_chess_engine.TestChessEngine" name="test_place_piece" time="0.000" /><testcase classname="tests.test_chess_engine.TestChessEngine" name="test_move_nonexistent_piece" time="0.000" /><testcase classname="tests.test_chess_engine.TestChessEngine" name="test_cannot_capture_own_piece" time="0.000" /><testcase classname="tests.test_chess_engine.TestGeneralMoveValidator" name="test_valid_orthogonal_move_in_palace" time="0.000" /><testcase classname="tests.test_chess_engine.TestGeneralMoveValidator" name="test_invalid_move_outside_palace" time="0.000" /><testcase classname="tests.test_chess_engine.TestGeneralMoveValidator" name="test_invalid_diagonal_move" time="0.000" /><testcase classname="tests.test_chess_engine.TestGeneralMoveValidator" name="test_black_general_palace_boundaries" time="0.000" /><testcase classname="tests.test_chess_engine.TestGuardMoveValidator" name="test_valid_diagonal_move_in_palace" time="0.000" /><testcase classname="tests.test_chess_engine.TestGuardMoveValidator" name="test_invalid_orthogonal_move" time="0.000" /><testcase classname="tests.test_chess_engine.TestGuardMoveValidator" name="test_invalid_move_outside_palace" time="0.000" /><testcase classname="tests.test_chess_engine.TestRookMoveValidator" name="test_valid_horizontal_move" time="0.000" /><testcase classname="tests.test_chess_engine.TestRookMoveValidator" name="test_valid_vertical_move" time="0.000" /><testcase classname="tests.test_chess_engine.TestRookMoveValidator" name="test_invalid_diagonal_move" time="0.000" /><testcase classname="tests.test_chess_engine.TestRookMoveValidator" name="test_blocked_path" time="0.000" /><testcase classname="tests.test_chess_engine.TestHorseMoveValidator" name="test_valid_l_shape_move" time="0.000" /><testcase classname="tests.test_chess_engine.TestHorseMoveValidator" name="test_invalid_non_l_shape_move" time="0.000" /><testcase classname="tests.test_chess_engine.TestHorseMoveValidator" name="test_blocked_by_leg" time="0.000" /><testcase classname="tests.test_chess_engine.TestCannonMoveValidator" name="test_valid_rook_like_movement" time="0.000" /><testcase classname="tests.test_chess_engine.TestCannonMoveValidator" name="test_valid_jump_attack" time="0.000" /><testcase classname="tests.test_chess_engine.TestCannonMoveValidator" name="test_invalid_attack_without_screen" time="0.000" /><testcase classname="tests.test_chess_engine.TestCannonMoveValidator" name="test_invalid_attack_multiple_screens" time="0.000" /><testcase classname="tests.test_chess_engine.TestElephantMoveValidator" name="test_valid_diagonal_move" time="0.000" /><testcase classname="tests.test_chess_engine.TestElephantMoveValidator" name="test_invalid_cross_river_red" time="0.000" /><testcase classname="tests.test_chess_engine.TestElephantMoveValidator" name="test_invalid_cross_river_black" time="0.000" /><testcase classname="tests.test_chess_engine.TestElephantMoveValidator" name="test_blocked_midpoint" time="0.000" /><testcase classname="tests.test_chess_engine.TestSoldierMoveValidator" name="test_red_soldier_forward_before_river" time="0.000" /><testcase classname="tests.test_chess_engine.TestSoldierMoveValidator" name="test_red_soldier_sideways_before_river" time="0.000" /><testcase classname="tests.test_chess_engine.TestSoldierMoveValidator" name="test_red_soldier_sideways_after_river" time="0.000" /><testcase classname="tests.test_chess_engine.TestSoldierMoveValidator" name="test_red_soldier_backward_after_river" time="0.000" /><testcase classname="tests.test_chess_engine.TestSoldierMoveValidator" name="test_black_soldier_forward_before_river" time="0.000" /><testcase classname="tests.test_chess_engine.TestGameLogic" name="test_capture_general_wins_game" time="0.000" /><testcase classname="tests.test_chess_engine.TestGameLogic" name="test_capture_non_general_continues_game" time="0.000" /><testcase classname="tests.test_chess_engine.TestGameLogic" name="test_generals_face_to_face_is_illegal" time="0.000" /><testcase classname="tests.test_chess_engine.TestValidatorIntegration" name="test_all_validators_registered" time="0.000" /><testcase classname="tests.test_chess_engine.TestValidatorIntegration" name="test_unknown_piece_type_returns_false" time="0.000" /><testcase classname="tests.test_move_validators.TestGeneralMoveValidatorDetailed" name="test_red_general_palace_boundaries" time="0.000" /><testcase classname="tests.test_move_validators.TestGeneralMoveValidatorDetailed" name="test_black_general_palace_boundaries" time="0.000" /><testcase classname="tests.test_move_validators.TestGeneralMoveValidatorDetailed" name="test_generals_face_to_face_detection" time="0.000" /><testcase classname="tests.test_move_validators.TestRookMoveValidatorDetailed" name="test_path_blocking_scenarios" time="0.000" /><testcase classname="tests.test_move_validators.TestRookMoveValidatorDetailed" name="test_edge_cases" time="0.000" /><testcase classname="tests.test_move_validators.TestHorseMoveValidatorDetailed" name="test_all_l_shape_moves" time="0.000" /><testcase classname="tests.test_move_validators.TestHorseMoveValidatorDetailed" name="test_leg_blocking_scenarios" time="0.000" /><testcase classname="tests.test_move_validators.TestCannonMoveValidatorDetailed" name="test_movement_mode_vs_attack_mode" time="0.000" /><testcase classname="tests.test_move_validators.TestCannonMoveValidatorDetailed" name="test_screen_count_validation" time="0.000" /><testcase classname="tests.test_move_validators.TestElephantMoveValidatorDetailed" name="test_field_pattern_moves" time="0.000" /><testcase classname="tests.test_move_validators.TestElephantMoveValidatorDetailed" name="test_river_crossing_restriction" time="0.000" /><testcase classname="tests.test_move_validators.TestElephantMoveValidatorDetailed" name="test_midpoint_blocking" time="0.000" /><testcase classname="tests.test_move_validators.TestSoldierMoveValidatorDetailed" name="test_river_crossing_detection" time="0.000" /><testcase classname="tests.test_move_validators.TestSoldierMoveValidatorDetailed" name="test_pre_river_movement_restrictions" time="0.000" /><testcase classname="tests.test_move_validators.TestSoldierMoveValidatorDetailed" name="test_post_river_movement_flexibility" time="0.000" /></testsuite></testsuites>